<?xml version='1.0'?>
<ns2:test-suite xmlns:ns2='urn:model.allure.qatools.yandex.ru' start='1648636545589' stop='1648636554637'>
    <name>webdriver.io page</name>
    <title>webdriver.io page</title>
    <test-cases>
        <test-case start='1648636545590' status='passed' stop='1648636554635'>
            <name>API -> Search -- Task 1</name>
            <title>API -> Search -- Task 1</title>
            <labels>
                <label name='language' value='javascript'/>
                <label name='framework' value='wdio'/>
                <label name='thread' value='0-1'/>
            </labels>
            <parameters>
                <parameter kind='argument' name='browser' value='chrome-99.0.4844.84'/>
            </parameters>
            <steps/>
            <attachments/>
        </test-case>
        <test-case start='1648636554635' status='pending' stop='1648636554635'>
            <name>API -> Docs -- Task 2</name>
            <title>API -> Docs -- Task 2</title>
            <labels/>
            <parameters/>
            <steps/>
            <attachments/>
            <failure>
                <message>Test ignored</message>
                <stack-trace>undefined</stack-trace>
            </failure>
        </test-case>
        <test-case start='1648636554635' status='pending' stop='1648636554635'>
            <name>Test suite -- Task 5 / Test case 1</name>
            <title>Test suite -- Task 5 / Test case 1</title>
            <labels/>
            <parameters/>
            <steps/>
            <attachments/>
            <failure>
                <message>Test ignored</message>
                <stack-trace>undefined</stack-trace>
            </failure>
        </test-case>
        <test-case start='1648636554635' status='pending' stop='1648636554635'>
            <name>Test suite -- Task 5 / Test case 2</name>
            <title>Test suite -- Task 5 / Test case 2</title>
            <labels/>
            <parameters/>
            <steps/>
            <attachments/>
            <failure>
                <message>Test ignored</message>
                <stack-trace>undefined</stack-trace>
            </failure>
        </test-case>
        <test-case start='1648636554636' status='pending' stop='1648636554636'>
            <name>Test suite -- Task 5 / Test case 3</name>
            <title>Test suite -- Task 5 / Test case 3</title>
            <labels/>
            <parameters/>
            <steps/>
            <attachments/>
            <failure>
                <message>Test ignored</message>
                <stack-trace>undefined</stack-trace>
            </failure>
        </test-case>
        <test-case start='1648636554636' status='pending' stop='1648636554636'>
            <name>Test suite -- Task 5 / Test case 4</name>
            <title>Test suite -- Task 5 / Test case 4</title>
            <labels/>
            <parameters/>
            <steps/>
            <attachments/>
            <failure>
                <message>Test ignored</message>
                <stack-trace>undefined</stack-trace>
            </failure>
        </test-case>
        <test-case start='1648636554636' status='pending' stop='1648636554636'>
            <name>Test suite -- Task 5 / Test case 5</name>
            <title>Test suite -- Task 5 / Test case 5</title>
            <labels/>
            <parameters/>
            <steps/>
            <attachments/>
            <failure>
                <message>Test ignored</message>
                <stack-trace>undefined</stack-trace>
            </failure>
        </test-case>
        <test-case start='1648636554636' status='pending' stop='1648636554636'>
            <name>PageObjects -- Task 8-9</name>
            <title>PageObjects -- Task 8-9</title>
            <labels/>
            <parameters/>
            <steps/>
            <attachments/>
            <failure>
                <message>Test ignored</message>
                <stack-trace>undefined</stack-trace>
            </failure>
        </test-case>
    </test-cases>
</ns2:test-suite>